<?xml version="1.0" encoding="UTF-8"?>
<!-- Generated by org.testng.reporters.JUnitXMLReporter -->
<testsuite hostname="Acer" ignored="0" name="Default test" tests="6" failures="0" timestamp="02 Apr 2022 02:40:58 GMT" time="0.059" errors="0">
  <testcase name="adactin_Runne" time="0.01" classname="Annotations_1.Data_Provider"/>
  <testcase name="adactin_Runne" time="0.001" classname="Annotations_1.Data_Provider"/>
  <testcase name="adactin_Runne" time="0.001" classname="Annotations_1.Data_Provider"/>
  <testcase name="automation_Runner" time="0.002" classname="Annotations_1.Data_Provider"/>
  <testcase name="automation_Runner" time="0.001" classname="Annotations_1.Data_Provider"/>
  <testcase name="automation_Runner" time="0.001" classname="Annotations_1.Data_Provider"/>
</testsuite> <!-- Default test -->
